[    0.000000] Linux version 415.64-generic (bild@lgw01-amd6-038) (gcc version 7.4.0 (Ubuntu 7.40-1untu1~18.04.) #73-Ubuntu SMP Thu Sep 12 13:16:13 UTC 2019 buntu 4.15.0-64.73-generic 4.15.18)
[    0.0000] Command line: BOOT_IMAGE=/boot/mlnuz-4.15.0-64-generiroot=UUID=48d13b7-639c-4bfa-8c99-0ce40e0faa05ro console=tty1 console=ttyS0
[    0.000000] KERNEL supported cpus:
[    0.000000]   Intel GenuineIntel
[    0.000000]  MD AuthenticAM
[    0.000000]   Centaur CentaurHauls
[    0.000000] x86/fpu: Supporting XSAVE feature 0x001: 'x87 floating point registters'
[    0.000000] x86/fpu: Supporting XSAVE feature 0x002: 'SSE registers'
[    0.000000] x86/fpu: Supporting XSAVE feature 0x004: 'AVX registers'
[    0.000000] x86/fpu: xstate_offset[2]:  576, xstate_sizes[2]:  25
[    0.000000] x86/fpu: Enabled xstae features 0x7, context size is 832 bytes, using 'standard' format.
[    0.000000] e820: BIOS-provided physical RAM map:

[    0.000000] BIOS-e820: [mem 0x0000000000000000-0x000000000009fbff] usable
[    0.000000] BIOS-e820: [mem 0x000000000009fc00-0x000000000009ffff] reserved
[    0.000000] BIOS-e820: [mem 0x00000000000f0000-0x00000000000fffff] reserved
[    0.000000] BIOS-e820: [mem 0x0000000000100000-0x000000003ffeffff] usable
[    0.000000] BIOS-e820: [mem 0x000000003fff0000-0x000000003fffffff] CP ddata
[    0.000000] BIOS-e820: [mem 0x00000000fec00000-0x00000000fec00fff] reserved
[    0.000000] BIOS-e820: [mem 0x000000fee00000-0x00000000fee00fff] reserved
[    0.000000] BIOS-e820: [mem 0x00000000fffc0000-0x00000000ffffffff] reserved
[    0.000000] NX (Execute Disable) protection: active
[    0.000000] SMBIOS 2.5 present.
[    0.000000] DMI: innotek GmbH VirtualBox/VirtualBox, BIOS VirtualBox 12/01/2006
[    0.00000] Hypervisor detected: KVM
[    0.000000] e820: last_pfn = 0x3fff0 max_arc_pfn = 0x400000000
[    0.000000] MTRR: Disabled
[    0.000000] x86/PAT: MTRRs disabled, skipping PAT initialization too.
[    0.000000] CPU MTRRs all blank - virtualized system.
[    0.000000] x86/PAT: Configuration [0-7]: WB  WT  UC- UC  WB  WT  UC- UC  
[    0.000000] found SMP MP-table at [mem 0x0009fff0-0x0009ffff]
[   0.0000] Scanning 1 areas for low memory corruption
[    0.000000] RAMDISK: [mm 0x35983000-0x36cb8fff]
[    0.000000] ACPI: Early table checksum verifiation dabled
[  0.0000] ACPI: RSDP 0x00000000000E00000002 (v02VBOX  )
[    0.0000] ACPI: XSDT 0x000000003FFF0030 003C (v0VBOX   VBOXXSDT 00000001 ASL  00000061)
[    0.000000] ACPI: FACP 0x00000000FF00F0 0000F4 (v04 VBOX   VBOXFACP 00000001 ASL  00000061)
[  0.000000] ACPI: DSDT 0x000000003FFF0470 0021FF (v02 VBOX   VBOXBIOS 00000002 ITL 20100528)
[    0.000000] ACPI: FACS 0x000000003FFF0200 000040
[    0.000000] ACPI: FACS 0x000000003FFF0200 000040
[    0.000000] ACPI: APIC 0x000000003FFF0240 00005C (v02 VBOX   VBOXAPIC 00000001 ASL  00000061)
[    0.000000] ACPI: SSD0x00000003FF02 0001CC (v01 VBOX   VBOXCPUT 00000002 IN 2010528)
[    0.000000] No NUMA configuration found
[    0.000000] Faking a node at [mem 0x0000000000000000-0x000000003ffeffff]
[    0.000000] NODE_DATA(0) allocated [mem 0x3ffc5000-0x3ffeffff]
[    0.000000] kvm-clock:cpu 0, msr 3ff440, primary cpu clock
[    0.000000] kvm-clock: Using msrs 4b564d01 and 4b564d00
[    0.000000] kvm-clock: using sched offset of 4688326411 cycles
[    0.000000] clocksource: kvm-clock: mask: 0xffffffffffffffff max_cycles: 0x1cd42e4dffb, max_idle_ns: 881590591483 ns
[    0.000000] Zone ranges:
[    0.000000]   DMA      [mem 0x0000000000001000-0x0000000000ffffff]
[    0.000000]   DMA32    [mem 0x00000000010000-0x000000003ffeff]
[    0.000000]   Normal   empty
[    0.00000]   evce   empty
[    0.000000] Movab zon start f eachode
   0.0000] Ealymemory node rans
[  0.0000]  ode   0: [mem 0x0000000000001000-0x0000000009efff][   0.000000]   node   0: [mem 0x0000000000100000-0x000000003ffeffff]
[    0.000000] Reserved but unavailable: 98 pages
[    0.000000] Initmem setup node 0 [mem 0x0000000000001000-0x00000003ffeffff]
[    0000000] ACPI: PM-Timr O Port: 0x4008
[    0.000000] IOAPIC0] apc_id 2, version 32,dddress 0xfec00000, GSI 0-23
[    0.000000] ACPI: INT_SRC_OVR (bus 0 bus_irq 0 global_irq 2 dfl dfl)
[    0.000000] ACPI: INT_SRC_OVR (bus 0 bus_irq 9 global_irq 9 low level)
[    0.000000] Using ACPI (MADT) for SMP configuration information
[    0.000000] smpboot: Allowing 2 CPUs, 0 hotplug CPUs
[    0.000000] PM: Registered nosave memory: [me0x00000000-0x0000fff]
[    0.000000] PM: Registered nosave memory: [mem 0x0009f000-0x0009ffff]
[    0.000000] PM: Registeed nosave emry [mem 0x000a0000-0x000effff]
[    0.000000] PM: Registered nosave memory: [mem 0x000f0000-0x000fffff]
[    0.000000] e820: [mem 0x40000000-0xfebfffff] availbl for PCI devices
[    0.000000] Booting paravirtualized kernel on KVM
[    0.000000] clocksource: refined-jiffies: mask: 0xffffffff max_cycles: 0xffffffff, max_idle_ns: 7645519600211568 ns
[    0.000000] random: get_random_bytes called from start_kernel+0x99/0x4fd with crng_init=0
[    0.000000] setup_percpu: NR_CPUS:8192 nr_cpumask_bits:2 nr_cpu_ids:2 nr_node_ids:1
[    0.000000] percpu:Embeed 46 pages/cpu s151552 r92d28672u14876
[    0.0000] PV qspinlock hash table entries: 256 (order: 0, 4096 bytes)
[    0.000000] Built 1 zonelists, mobility grouping on.  Total pages: 257913
[    0.000000] Policy zone: DMA32
[    0.000000] Kernel command line: BOOTIMAGE=/boot/vmlinuz-4.15.0-64-generic root=UUID=e48d13b7-639c-4bfa-8c99-0ce40e0faa05 ro console=tty1 consol=ttyS0
[    0.000000] Memory: 982912K/1048120K available (12300K kernel code, 2481K rwdata, 4172K rodata, 2436K init, 2384K bss, 65208K reserved, 0K cma-reserved)
[    0.000000] SLUB: HWalign=64, Order=0-3, MinObjects=0, PUs=2, Nodes=1
[    0.000000] Kernel/Usr page tables isolation:enabled
[    0.000000] ftrace alocating 39306 entries in 154 pages
[    0.004000] Hierarchical RU implementation.
[    0.004000] 	RCU restricting CPUs from NR_CPUS=8192 to nr_cpu_ids=2.
[    0.004000] 	Tasks RCU enabled.
[    0.004000] RCU: Adjusting geometry for rcu_fanout_leaf=16, nr_cpu_ids=2
[    0.004000] NR_IRQS: 524544, nr_irqs: 440, preallocated irqs: 16
[    0.004000] Console: colour VGA+ 80x25
[    0.04000] console [tty1] enabled
[    0.004000] console [ttyS0] enabled
[    0.004000] ACPI: Core revision 20170831
[    0.004000] ACPI: 2 ACPI AML tables successfully acquired and loaded
[    0.004000] APIC: Switch to symmetric I/O mode setup
[    0.004000] x2apic enabled
[    0.004046] Switched APIC routing to physical x2apic.
[    0.009548] ..TIMER: vector=0x30 apic1=0 pin1=2 apic2=-1 pin2=-1
[    0.012007] tsc: Detected 1607.999 MHz processor
[    0.013609] Calibrating delay loop (skipped) preset value.. 3215.99 BogoMIPS (lpj=6431996)
[    0.016009] pid_max: default: 32768 minimum: 301
[    0.017985] Security Framework initialized
[    0.020009] Yama: becoming mindful.
[    0.024084] AppArmor: AppArmor initialized
[    0.030800] Dentry cache hash table entries: 131072 (order: 8, 1048576 bytes)
[    0.032096] Inode-cache hash table entries: 65536 (order: 7, 524288 bytes)
[    0.036025] Mount-cache hash table entries: 2048 (order: 2, 16384 bytes)
[    0.040021] Mountpoint-cache hash table entries: 2048 (order: 2, 16384 bytes)
[    0.044623] Last level iTLB entries: 4KB 64, 2MB 8, 4MB 8
[    0.048023] Last level dTLB entries: 4KB 64, 2MB 0, 4MB 0, 1GB 4
[    0.052060] Spectre V1 : Mitigation: usercopy/swapgs barriers and __user pointer sanitization
[    0.056008] Spectre V2 : Mitigation: Full generic retpoline
[    0.060007] Spectre V2 : Spectre v2 / SpectreRSB mitigation: Filling RSB on context switch
[    0.064007] Speculative Store Bypass: Vulnerable
[    0.068053] MDS: Vulnerable: Clear CPU buffers attempted, no microcode
[    0.072179] Freeing SMP alternatives memory: 36K
[    0.080000] smpboot: CPU0: Intel(R) Core(TM) i5-8210Y CPU @ 1.60GHz (family: 0x6, model: 0x8e, stepping: 0x9)
[    0.080097] Performance Events: unsupported p6 CPU model 142 no PMU driver, software events only.
[    0.084080] Hierarchical SRCU implementation.
[    0.088785] NMI watchdog: Perf event create on CPU 0 failed with -2
[    0.092008] NMI watchdog: Perf NMI watchdog permanently disabled
[    0.096081] smp: Bringing up secondary CPUs ...
[    0.097659] x86: Booting SMP configuration:
[    0.099043] .... node  #0, CPUs:      #1
[    0.004000] kvm-clock: cpu 1, msr 0:3ff44041, secondary cpu clock
[    0.108025] smp: Brought up 1 node, 2 CPUs
[    0.112009] smpboot: Max logical packages: 1
[    0.116007] smpboot: Total of 2 processors activated (6431.99 BogoMIPS)
[    0.120170] devtmpfs: initialized
[    0.124071] x86/mm: Memory block size: 128MB
[    0.128162] evm: security.selinux
[    0.132013] evm: security.SMACK64
[    0.136005] evm: security.SMACK64EXEC
[    0.137272] evm: security.SMACK64TRANSMUTE
[    0.138629] evm: security.SMACK64MMAP
[    0.140002] evm: security.apparmor
[    0.141324] evm: security.ima
[    0.142545] evm: security.capability
[    0.144227] clocksource: jiffies: mask: 0xffffffff max_cycles: 0xffffffff, max_idle_ns: 7645041785100000 ns
[    0.148020] futex hash table entries: 512 (order: 3, 32768 bytes)
[    0.153940] pinctrl core: initialized pinctrl subsystem
[    0.156127] RTC time:  4:18:30, date: 09/23/19
[    0.160243] NET: Registered protocol family 16
[    0.161851] audit: initializing netlink subsys (disabled)
[    0.164054] audit: type=2000 audit(1569212312.020:1): state=initialized audit_enabled=0 res=1
[    0.180013] cpuidle: using governor ladder
[    0.181165] cpuidle: using governor menu
[    0.182393] ACPI: bus type PCI registered
[    0.183797] acpiphp: ACPI Hot Plug PCI Controller Driver version: 0.5
[    0.184185] PCI: Using configuration type 1 for base access
[    0.189103] HugeTLB registered 2.00 MiB page size, pre-allocated 0 pages
[    0.192156] ACPI: Added _OSI(Module Device)
[    0.196018] ACPI: Added _OSI(Processor Device)
[    0.200010] ACPI: Added _OSI(3.0 _SCP Extensions)
[    0.204002] ACPI: Added _OSI(Processor Aggregator Device)
[    0.208010] ACPI: Added _OSI(Linux-Dell-Video)
[    0.210233] ACPI: Added _OSI(Linux-Lenovo-NV-HDMI-Audio)
[    0.212010] ACPI: Added _OSI(Linux-HPI-Hybrid-Graphics)
[    0.216574] ACPI: Executed 1 blocks of module-level executable AML code
[    0.223571] ACPI: Interpreter enabled
[    0.224029] ACPI: (supports S0 S5)
[    0.228004] ACPI: Using IOAPIC for interrupt routing
[    0.232251] PCI: Using host bridge windows from ACPI; if necessary, use "pci=nocrs" and report a bug
[    0.236263] ACPI: Enabled 2 GPEs in block 00 to 07
[    0.250520] ACPI: PCI Root Bridge [PCI0] (domain 0000 [bus 00-ff])
[    0.252023] acpi PNP0A03:00: _OSC: OS supports [ASPM ClockPM Segments MSI]
[    0.256047] acpi PNP0A03:00: _OSC: not requesting OS control; OS requires [ExtendedConfig ASPM ClockPM MSI]
[    0.260017] acpi PNP0A03:00: fail to add MMCONFIG information, can't access extended PCI configuration space under this bridge.
[    0.264575] PCI host bridge to bus 0000:00
[    0.265723] pci_bus 0000:00: root bus resource [io  0x0000-0x0cf7 window]
[    0.268009] pci_bus 0000:00: root bus resource [io  0x0d00-0xffff window]
[    0.272004] pci_bus 0000:00: root bus resource [mem 0x000a0000-0x000bffff window]
[    0.276011] pci_bus 0000:00: root bus resource [mem 0x40000000-0xfdffffff window]
[    0.280009] pci_bus 0000:00: root bus resource [bus 00-ff]
[    0.290821] pci 0000:00:01.1: legacy IDE quirk: reg 0x10: [io  0x01f0-0x01f7]
[    0.292010] pci 0000:00:01.1: legacy IDE quirk: reg 0x14: [io  0x03f6]
[    0.293667] pci 0000:00:01.1: legacy IDE quirk: reg 0x18: [io  0x0170-0x0177]
[    0.296004] pci 0000:00:01.1: legacy IDE quirk: reg 0x1c: [io  0x0376]
[    0.328637] pci 0000:00:07.0: quirk: [io  0x4000-0x403f] claimed by PIIX4 ACPI
[    0.332071] pci 0000:00:07.0: quirk: [io  0x4100-0x410f] claimed by PIIX4 SMB
[    0.357791] ACPI: PCI Interrupt Link [LNKA] (IRQs 5 9 10 *11)
[    0.364107] ACPI: PCI Interrupt Link [LNKB] (IRQs 5 9 *10 11)
[    0.368188] ACPI: PCI Interrupt Link [LNKC] (IRQs 5 *9 10 11)
[    0.372352] ACPI: PCI Interrupt Link [LNKD] (IRQs 5 9 10 *11)
[    0.376512] SCSI subsystem initialized
[    0.380086] pci 0000:00:02.0: vgaarb: setting as boot VGA device
[    0.384000] pci 0000:00:02.0: vgaarb: VGA device added: decodes=io+mem,owns=io+mem,locks=none
[    0.384014] pci 0000:00:02.0: vgaarb: bridge control possible
[    0.388009] vgaarb: loaded
[    0.392072] ACPI: bus type USB registered
[    0.396061] usbcore: registered new interface driver usbfs
[    0.400039] usbcore: registered new interface driver hub
[    0.404050] usbcore: registered new device driver usb
[    0.412043] EDAC MC: Ver: 3.0.0
[    0.416063] PCI: Using ACPI for IRQ routing
[    0.421016] NetLabel: Initializing
[    0.424007] NetLabel:  domain hash size = 128
[    0.428005] NetLabel:  protocols = UNLABELED CIPSOv4 CALIPSO
[    0.432105] NetLabel:  unlabeled traffic allowed by default
[    0.436175] clocksource: Switched to clocksource kvm-clock
[    0.474404] VFS: Disk quotas dquot_6.6.0
[    0.477927] VFS: Dquot-cache hash table entries: 512 (order 0, 4096 bytes)
[   0.482455] AppArmor: AppArmor Filesystem Enabled
[    0.525417] pnp: PnP ACPI init
[    0.531244] pnp: PnP ACPI: foun3 evice
[   068416] clocksource: acpi_pm mask: 0xffffff max_cycles: 0xffffff, max_idle_ns: 2085701024 ns
[    0.788167] NET: Registered protocol family 2
[    0.792973] TCP established hash table entries: 8192 (order: 4, 65536 bytes)
[    797292] CP bind hash table entries: 8192 (orde: , 31072 bes)
[    1.007299] TCP: Hash tabls nfigur (stblished 819bid 8192)
[    1.276672] UDP hash table entries: 512 (order: 2, 16384 bytes)
[    1.278648] UDP-Lite hash table entries: 512 (order: 2, 16384 bytes)
[    1.280916] NET: Registered protocol family 1
[    1.282401] pci 0000:00:00.0: Limiting direct PCI/PCI transfers
[    1.284388] pci 0000:00:01.0: Activating ISA DMA hang workarounds
[    1.286702] pci 0000:00:02.0: Video device with shadowed ROM at em0x000c0000-0x000dffff]
[    1.393521] Unpacking initramfs...

[    1.714747] Freeing initrd memory: 19672K
[    1.742003] clocksource: tsc: mask: 0xffffffffffffffff max_cycles: 0x172da94f0e2, max_idle_ns: 440795278248 ns
[    1.750065] platform rtc_cmos: registered platform RTC device (no PNP device found)
[    1.814960] Scanning for low memory corruption every 60 seconds
[    1.817631] Initialise system trusted keyrings
[    1.827119] Key type blacklist registered
[    1.846750] workingset: timestamp_bits=36 max_order=18 bucket_order=0
[    1.867135] zbud: loaded
[    1.868623] squashfs: version 4.0 (2009/01/31) Phillip Lougher
[    1.891258] fuse init (API version 7.26)
[    1.897827] Key type asymmetric registered
[    1.899245] Asymmetric key parser 'x509' registered
[    1.910873] Block layer SCSI generic (bsg) driver version 0.4 loaded (major 246)
[    1.931366] io scheduler noop registered
[    1.933856] io scheduler deadline registered
[    1.935508] io scheduler cfq registered (default)
[    1.939401] ACPI: AC Adapter [AC] (on-line)
[    1.941263] input: Power Button as /devices/LNXSYSTM:00/LNXPWRBN:00/input/input0
[    1.971909] ACPI: Power Button [PWRF]
[    1.989252] input: Sleep Button as /devices/LNXSYSTM:00/LNXSLPBN:00/input/input1
[    1.992108] ACPI: Sleep Button [SLPF]
[    1.996975] ACPI: Battery Slot [BAT0] (battery present)
[    2.005733] Serial: 8250/16550 driver, 32 ports, IRQ sharing enabled
[  20661] 0:2:ttyS0t /O 0x3f8 (irq = 4, base_baud = 115200) is a 16550A

[    2.339100] Linux agpgart interface v0.103
[    2.345779] loop: module loaded
[    2.347808] scsi host0: ata_piix
[    2.360422] scsi host1: ata_piix
[    2.378619] ata1: PATA max UDMA/33 cmd 0x1f0 ctl 0x3f6 bmdma 0xd000 irq 14
[    2.389467] ata2: PATA max UDMA/33 cmd 0x170 ctl 0x376 bmdma 0xd008 irq 15
[    2.426935] libphy: Fixed MDIO Bus: probed
[    2.462210] tun: Universal TUN/TAP device driver, 1.6
[    2.489259] PPP generic driver version 2.4.2
[    2.491727] ehci_hcd: USB 2.0 'Enhanced' Host Controller (EHCI) Driver
[    2.503918] ehci-pci: EHCI PCI platform driver
[    2.521858] ehci-platform: EHCI generic platform driver
[    2.530093] ohci_hcd: USB 1.1 'Open' Host Controller (OHCI) Driver
[    2.587043] ohci-pci: OHCI PCI platform driver
[    2.601451] ohci-platform: OHCI generic platform driver
[    2.668255] uhci_hcd: USB Universal Host Controller Interface driver
[    2.691218] i8042: PNP: PS/2 Controller [PNP0303:PS2K,PNP0f03:PS2M] at 0x60,0x64 irq 1,12
[    2.761418] serio: i8042 KBD port at 0x60,0x64 irq 1
[    2.783214] serio: i8042 AUX port at 0x60,0x64 irq 12
[    2.795925] mousedev: PS/2 mouse device common for all mice
[    2.805262] rtc_cmos rtc_cmos: rtc core: registered rtc_cmos as rtc0
[    2.836380] rtc_cmos rtc_cmos: alarms up to one day, 114 bytes nvram
[    2.882004] i2c /dev entries driver
[    2.893300] input: AT Translated Set 2 keyboard as /devices/platform/i8042/serio0/input/input2
[    2.896451] device-mapper: uevent: version 1.0.3
[    2.937039] device-mapper: ioctl: 4.37.0-ioctl (2017-09-20) initialised: dm-devel@redhat.com
[    2.986100] ledtrig-cpu: registered to indicate activity on CPUs
[    2.990495] NET: Registered protocol family 10
[    2.998278] Segment Routing with IPv6
[    3.019100] NET: Registered protocol family 17
[    3.042889] Key type dns_resolver registered
[    3.079106] mce: Using 0 MCE banks
[    3.101503] RAS: Correctable Errors collector initialized.
[    3.139008] sched_clock: Marking stable (3138897948, 0)->(8656898393, -5518000445)
[    3.236864] registered taskstats version 1
[    3.245040] Loading compiled-in X.509 certificates
[    3.257397] Loaded X.509 cert 'Build time autogenerated kernel key: 9ff85db0b1f72c0c954e4d2eaca5a9366845820b'
[    3.316617] zswap: loaded using pool lzo/zbud
[    3.330520] Key type big_key registered
[    3.355824] Key type trusted registered
[    3.388208] Key type encrypted registered
[    3.396789] AppArmor: AppArmor sha1 policy hashing enabled
[    3.426604] ima: No TPM chip found, activating TPM-bypass! (rc=-19)
[    3.428984] ima: Allocated hash algorithm: sha1
[    3.445608] evm: HMAC attrs: 0x1
[    3.447638]   Magic number: 3:440:313
[    3.449070] rtc_cmos rtc_cmos: setting system clock to 2019-09-23 04:18:34 UTC (1569212314)
[    3.451731] BIOS EDD facility v0.16 2004-Jun-25, 0 devices found
[    3.460069] EDD information not available.
[    3.464518] Freeing unused kernel image memory: 2436K
[    3.488382] Write protecting the kernel read-only data: 20480k
[    3.493486] Freeing unused kernel image memory: 2008K
[    3.503679] Freeing unused kernel image memory: 1972K
[    3.548930] x86/mm: Checked W+X mappings: passed, no W+X pages found.
[    3.576936] x86/mm: Checking user space page tables
[    3.586311] x86/mm: Checked W+X mappings: passed, no W+X pages found.
Loading, please wait...
starting version 237
[    3.729804] Fusion MPT base driver 3.04.20
[    3.731672] Copyright (c) 1999-2008 LSI Corporation
[    3.737082] e1000: Intel(R) PRO/1000 Network Driver - version 7.3.21-k8-NAPI
[    3.753523] e1000: Copyright (c) 1999-2006 Intel Corporation.
[    3.762981] Fusion MPT SPI Host driver 3.04.20
[    3.778603] AVX2 version of gcm_enc/dec engaged.
[    3.787975] AES CTR mode by8 optimization enabled
[    3.974863] input: ImExPS/2 Generic Explorer Mouse as /devices/platform/i8042/serio1/input/input4
[    4.214006] e1000 0000:00:03.0 eth0: (PCI:33MHz:32-bit) 02:b7:91:53:ac:49
[    4.238169] e1000 0000:00:03.0 eth0: Intel(R) PRO/1000 Network Connection
[    4.242152] mptbase: ioc0: Initiating bringup
[    4.336334] ioc0: LSI53C1030 A0: Capabilities={Initiator}
[    4.591502] scsi host2: ioc0: LSI53C1030 A0, FwRev=00000000h, Ports=1, MaxQ=256, IRQ=20
[    4.805555] scsi 2:0:0:0: Direct-Access     VBOX     HARDDISK         1.0  PQ: 0 ANSI: 5
[    4.844277] scsi target2:0:0: Beginning Domain Validation
[    4.862282] scsi target2:0:0: Domain Validation skipping write tests
[    4.864772] scsi target2:0:0: Ending Domain Validation
[    4.872074] scsi target2:0:0: asynchronous
[    4.875514] scsi 2:0:1:0: Direct-Access     VBOX     HARDDISK         1.0  PQ: 0 ANSI: 5
[    5.204409] scsi target2:0:1: Beginning Domain Validation
[    5.236749] random: fast init done
[    5.239768] scsi target2:0:1: Domain Validation skipping write tests
[    5.242509] scsi target2:0:1: Ending Domain Validation
[    5.244665] scsi target2:0:1: asynchronous
[    5.251594] random: systemd-udevd: uninitialized urandom read (16 bytes read)
[    5.291337] random: systemd-udevd: uninitialized urandom read (16 bytes read)
[    5.291482] e1000 0000:00:08.0 eth1: (PCI:33MHz:32-bit) 08:00:27:2a:89:37
[    5.294137] random: systemd-udevd: uninitialized urandom read (16 bytes read)
[    5.296754] e1000 0000:00:08.0 eth1: Intel(R) PRO/1000 Network Connection
[    5.300530] sd 2:0:0:0: Attached scsi generic sg0 type 0
[    5.303506] sd 2:0:0:0: [sda] 20971520 512-byte logical blocks: (10.7 GB/10.0 GiB)
[    5.304952] e1000 0000:00:08.0 enp0s8: renamed from eth1
[    5.315154] sd 2:0:1:0: Attached scsi generic sg1 type 0
[    5.326818] sd 2:0:0:0: [sda] Write Protect is off
[    5.328691] sd 2:0:0:0: [sda] Incomplete mode parameter data
[    5.330530] sd 2:0:0:0: [sda] Assuming drive cache: write through
[    5.332719] sd 2:0:1:0: [sdb] 20480 512-byte logical blocks: (10.5 MB/10.0 MiB)
[    5.335613] sd 2:0:1:0: [sdb] Write Protect is off
[    5.338037] sd 2:0:1:0: [sdb] Incomplete mode parameter data
[    5.343449] sd 2:0:1:0: [sdb] Assuming drive cache: write through
[    5.346853] e1000 0000:00:03.0 enp0s3: renamed from eth0
[    5.349366]  sda: sda1
[    5.350538] sd 2:0:0:0: [sda] Attached SCSI disk
[    5.354580] sd 2:0:1:0: [sdb] Attached SCSI disk
Begin: Loading essential drivers ... [    6.824478] raid6: sse2x1   gen() 10116 MB/s
[    6.888062] raid6: sse2x1   xor()  7042 MB/s
[    6.940787] raid6: sse2x2   gen() 12993 MB/s
[    7.036195] raid6: sse2x2   xor()  8692 MB/s
[    7.096158] raid6: sse2x4   gen()  7401 MB/s
[    7.148475] raid6: sse2x4   xor()  6004 MB/s
[    7.236518] raid6: avx2x1   gen() 20754 MB/s
[    7.300086] raid6: avx2x1   xor() 13457 MB/s
[    7.384036] raid6: avx2x2   gen() 24847 MB/s
[    7.436329] raid6: avx2x2   xor() 14870 MB/s
[    7.484168] raid6: avx2x4   gen() 28230 MB/s
[    7.540362] raid6: avx2x4   xor() 17224 MB/s
[    7.541710] raid6: using algorithm avx2x4 gen() 28230 MB/s
[    7.543586] raid6: .... xor() 17224 MB/s, rmw enabled
[    7.586789] raid6: using avx2x2 recovery algorithm
[    7.590584] xor: automatically using best checksumming function   avx       
[    7.634164] async_tx: api initialized (async)
done.
Begin: Running /scripts/init-p[    7.683780] Btrfs loaded, crc32c=crc32c-intel
remount ... done.
Begin: Mounting root file system ... Begin: Running /scripts/local-top ... done.
Begin: Running /scripts/local-premount ... Scanning for Btrfs filesystems
done.
Warning: fsck no[    7.733195] EXT4-fs (sda1): mounted filesystem with ordered data mode. Opts: (null)
t present, so skipping root file system
done.
Begin: Running /scripts/local-bottom ... done.
Begin: Running /scripts/init-bottom ... done.
[    8.016430] ip_tables: (C) 2000-2006 Netfilter Core Team
[    8.053690] systemd[1]: systemd 237 running in system mode. (+PAM +AUDIT +SELINUX +IMA +APPARMOR +SMACK +SYSVINIT +UTMP +LIBCRYPTSETUP +GCRYPT +GNUTLS +ACL +XZ +LZ4 +SECCOMP +BLKID +ELFUTILS +KMOD -IDN2 +IDN -PCRE2 default-hierarchy=hybrid)
[    8.138210] systemd[1]: Detected virtualization oracle.
[    8.140148] systemd[1]: Detected architecture x86-64.

Welcome to [1mUbuntu 18.04.2 LTS[0m!

[    8.170315] systemd[1]: Set hostname to <ubuntu-bionic>.
[    8.648959] systemd[1]: Reached target Swap.
[[0;32m  OK  [0m] Reached target Swap.
[    8.698506] systemd[1]: Started Forward Password Requests to Wall Directory Watch.
[[0;32m  OK  [0m] Started Forward Password Requests to Wall Directory Watch.
[    8.791196] systemd[1]: Created slice System Slice.
[[0;32m  OK  [0m] Created slice System Slice.
[    8.796717] systemd[1]: Created slice system-serial\x2dgetty.slice.
[[0;32m  OK  [0m] Created slice system-serial\x2dgetty.slice.
[    8.843716] systemd[1]: Reached target User and Group Name Lookups.
[[0;32m  OK  [0m] Reached target User and Group Name Lookups.
[    8.889382] systemd[1]: Set up automount Arbitrary Executable File Formats File System Automount Point.
[[0;32m  OK  [0m] Set up automount Arbitrary Executab…rmats File System Automount Point.
[[0;32m  OK  [0m] Listening on LVM2 poll daemon socket.
[[0;32m  OK  [0m] Listening on Network Service Netlink Socket.
[[0;32m  OK  [0m] Listening on Device-mapper event daemon FIFOs.
[[0;32m  OK  [0m] Listening on Journal Audit Socket.
[[0;32m  OK  [0m] Listening on /dev/initctl Compatibility Named Pipe.
[[0;32m  OK  [0m] Listening on LVM2 metadata daemon socket.
[[0;32m  OK  [0m] Listening on Syslog Socket.
[[0;32m  OK  [0m] Listening on udev Control Socket.
[[0;32m  OK  [0m] Listening on Journal Socket.
         Mounting Kernel Debug File System...
         Starting Create list of required st…ce nodes for the current kernel...
         Starting Set the console keyboard layout...
         Starting Monitoring of LVM2 mirrors…ng dmeventd or progress polling...
         Starting Uncomplicated firewall...
         Starting Remount Root and Kernel File Systems...
         Mounting Huge Pages File System...
         Mountin[    9.263701] EXT4-fs (sda1): re-mounted. Opts: (null)
g POSIX Message Queue File System...
         Starting Load Kernel Modules...
[[0;32m  OK  [0m] Listening on Journal Socket (/dev/log).
         Starting Journal Service...
[[0;32m  OK  [0m] Listening on udev Kernel Socket.
         Starting udev Coldplug all Devices...
[[0;32m  OK  [0m] Created slice User and Session Slice.
[[0;32m  OK  [0m] Reached target Slices.
[[0;32m  OK  [0m] Reached target System Time Synchronized.
[[0;32m  OK  [0m] Mounted Kernel Debug File System.
[[0;32m  OK  [0m] Started Create list of requi[    9.392687] Loading iSCSI transport class v2.0-870.
red sta…vice nodes for the current kernel.
[[0;32m  OK  [0m] Started Uncomplicated firewall.
[[0;32m  OK  [0m] Started Remount Root and Kernel File Systems.
[[0;32m  OK  [0m] Mounted Huge Pages File System.
[[0;32m  OK  [0m] Mounted POSIX Message Queue File System.
[[0;32m  OK  [0m] Started LVM2 metadata daemon.
         Startin[    9.438853] iscsi: registered transport (tcp)
g Initial cloud-init job (pre-networking)...
         Starting Load/Save Random Seed...
         Startin[    9.657596] iscsi: registered transport (iser)
g Create Static Device Nodes in /dev...
[[0;32m  OK  [0m] Started Journal Service.
[[0;32m  OK  [0m] Started Set the console keyboard layout.
[[0;32m  OK  [0m] Started Monitoring of LVM2 mirrors,…sing dmeventd or progress polling.
[[0;32m  OK  [0m] Started Load Kernel Modules.
[[0;32m  OK  [0m] Started Load/Save Random Seed.
[[0;32m  OK  [0m] Started Create Static Device Nodes in /dev.
         Starting udev Kernel Device Manager...
         Mounting Kernel Configuration File System...
         Starting Apply Kernel Variables...
         Mounting FUSE Control File System...
[[0;32m  OK  [0m] Reached target Local File Systems (Pre).
[[0;32m  OK  [0m] Reached target Local File Systems.
         Starting AppArmor initialization...
         Starting ebtables ruleset management...
         Starting Tell Plymouth To Write Out Runtime Data...
         Startin[    9.964588] random: crng init done
g Set console fo[    9.988998] random: 7 urandom warning(s) missed due to ratelimiting
nt and keymap...
         Starting Flush Journal to Persistent Storage...
[[0;32m  OK  [0m] Started udev Kernel Device Manager.
[[0;32m  OK  [0m] Started udev Coldplug all Devices.
[[0;32m  OK  [0m] Mounted Kernel Configuration File System.
[[0;32m  OK  [0m] Mounted FUSE Control File System.
[[0;32m  OK  [0m] Started Dispatch Password Requests to Console Directory Watch.
[[0;32m  OK  [0m] Reached target Local Encrypted Volumes.
[[0;32m  OK  [0m] Started Tell Plymouth To Write Out Runtime Data.
[[0;32m  OK  [0m] Started Set console font and keymap.
[[0;32m  OK  [0m] Started Apply Kernel Variables.
[[0;32m  OK  [0m] Found device /dev/ttyS0.
[[0;32m  OK  [0m] Started ebtables ruleset management.
[[0;32m  OK  [0m] Listening on Load/Save RF Kill Switch Status /dev/rfkill Watch.
[[0;32m  OK  [0m] Found device 82540EM Gigabit Ethern…ler (PRO/1000 MT Desktop Adapter).
[[0;32m  OK  [0m] Started AppArmor initialization.
[[0;32m  OK  [0m] Started Flush Journal to Persistent Storage.
         Starting Create Volatile Files and Directories...
[[0;32m  OK  [0m] Started Create Volatile Files and Directories.
         Starting Update UTMP about System Boot/Shutdown...
[[0;32m  OK  [0m] Started Update UTMP about System Boot/Shutdown.
[   13.379762] cloud-init[424]: Cloud-init v. 18.5-45-g3554ffe8-0ubuntu1~18.04.1 running 'init-local' at Mon, 23 Sep 2019 04:18:44 +0000. Up 13.10 seconds.
[[0;32m  OK  [0m] Started Initial cloud-init job (pre-networking).
[[0;32m  OK  [0m] Reached target Network (Pre).
[[0;32m  OK  [0m] Started ifup for enp0s8.
         Starting Raise network interfaces...
         Starting Network Service...
[[0;32m  OK  [0m] Started Raise network interfaces.
[[0;32m  OK  [0m] Started Network Service.
         Starting Wait for Network to be Configured...
         Starting Network Name Resolution...
[[0;32m  OK  [0m] Started Network Name Resolution.
[[0;32m  OK  [0m] Reached target Network.
[[0;32m  OK  [0m] Reached target Host and Network Name Lookups.
[[0;32m  OK  [0m] Started Wait for Network to be Configured.
         Starting Initial cloud-init job (metadata service crawler)...
[   16.216642] cloud-init[845]: Cloud-init v. 18.5-45-g3554ffe8-0ubuntu1~18.04.1 running 'init' at Mon, 23 Sep 2019 04:18:47 +0000. Up 16.04 seconds.
[   16.273777] cloud-init[845]: ci-info: ++++++++++++++++++++++++++++++++++++++Net device info+++++++++++++++++++++++++++++++++++++++
[   16.278997] cloud-init[845]: ci-info: +--------+------+-----------------------------+---------------+--------+-------------------+
[   16.321458] cloud-init[845]: ci-info: | Device |  Up  |           Address           |      Mask     | Scope  |     Hw-Address    |
[   16.364417] cloud-init[845]: ci-info: +--------+------+-----------------------------+---------------+--------+-------------------+
[   16.397510] cloud-init[845]: ci-info: | enp0s3 | True |          10.0.2.15          | 255.255.255.0 | global | 02:b7:91:53:ac:49 |
[   16.422577] cloud-init[845]: ci-info: | enp0s3 | True |  fe80::b7:91ff:fe53:ac49/64 |       .       |  link  | 02:b7:91:53:ac:49 |
[   16.435923] cloud-init[845]: ci-info: | enp0s8 | True |        192.168.33.10        | 255.255.255.0 | global | 08:00:27:2a:89:37 |
[   16.440607] cloud-init[845]: ci-info: | enp0s8 | True | fe80::a00:27ff:fe2a:8937/64 |       .       |  link  | 08:00:27:2a:89:37 |
[[0;32m  OK  [0m] Started Initial cloud-init job (metadata service crawler).
[[0;32m  OK  [0m] Reached target System Initialization.
[   16.514824] cloud-init[845]: ci-info: |   lo   | True |          127.0.0.1          |   255.0.0.0   |  host  |         .         |
[   16.524985] cloud-init[845]: ci-info: |   lo   | True |           ::1/128           |       .       |  host  |         .         |
         Starting LXD - unix socket.
[   16.540521] cloud-init[845]: ci-info: +--------+------+-----------------------------+---------------+--------+-------------------+
[[0;32m  OK  [0m] Started Discard unused blocks once a week.
[   16.565299] cloud-init[845]: [ci-info: +++++++++++++++++++++++++++++Route IPv4 info+++++++++++++++++++++++++++++[0;32m  OK  [0m
] Started Message of the Day.
[[0;32m  OK  [0m] Listening on UUID daemon activation socket.
[   16.589577] [[0;32m  OK  [0m] Listening on ACPID Listen Socket.
[[0;32m  OK  [0m] Listening on Open-iSCSI iscsid Socket.
cloud-init[845]: ci-info: +-------+--------------+----------+-----------------+-----------+-------+
[   16.592765] cloud-init[845]: [ci-info: | Route | Destination  | Gateway  |     Genmask     | Interface | Flags |[0;32m  OK  [0m
] Started ACPI Events Check.
[[0;32m  OK  [0m] Reached target Paths.
[   16.668710] [[0;32m  OK  [0m] Started Daily apt download activities.
[[0;32m  OK  [0m] Started Daily apt upgrade and clean activities.
[[0;32m  OK  [0m] Listening on D-Bus System Message Bus Socket.
         Starting Socket activation for snappy daemon.
[[0;32m  OK  [0m] Started Daily Cleanup of Temporary Directories.
[[0;32m  OK  [0m] Reached target Timers.
[[0;32m  OK  [0m] Listening on lircd.socket.
[[0;32m  OK  [0m] Reached target Network is Online.
         Starting Availability of block devices...
[[0;32m  OK  [0m] Reached target Remote File Systems (Pre).
[[0;32m  OK  [0m] Reached target Remote File Systems.
[[0;32m  OK  [0m] Reached target Cloud-config availability.
[[0;32m  OK  [0m] Listening on LXD - unix socket.
[[0;32m  OK  [0m] Listening on Socket activation for snappy daemon.
[[0;32m  OK  [0m] Reached target Sockets.
[[0;32m  OK  [0m] Reached target Basic System.
[[0;32m  OK  [0m] Started Convert IR remotes button p…ses to mouse movements and clicks.
         Starting LSB: automatic crash report generation...
[[0;32m  OK  [0m] Started FUSE filesystem for LXC.
[[0;32m  OK  [0m] Started irqbalance daemon.
cloud-init[845]: ci-info: +-------+--------------+----------+-----------------+-----------+-------+
         Starting Dispatcher daemon for systemd-networkd...
[   16.714853] cloud-init[845]: ci-info: |   0   |   0.0.0.0    | 10.0.2.2 |     0.0.0.0     |   enp0s3  |   UG  |
[   16.732207]          Starting System Logging Service...
cloud-init[845]: ci-info: |   1   |   10.0.2.0   | 0.0.0.0  |  255.255.255.0  |   enp0s3  |   U   |
[   16.739818] cloud-init[845]: ci-info: |   2   |   10.0.2.2   | 0.0.0.0  | 255.255.255.255 |   enp0s3  |   UH  |
[   16.744627] cloud-init[845]: ci-info: |   3   | 192.168.33.0 | 0.0.0.0  |  255.255.255.0  |   enp0s8  |   U   |
[   16.748021] cloud-init[845]: ci-info: +-------+--------------+----------+-----------------+-----------+-------+
[   16.822267] [cloud-init[0;32m  OK  [0m[845]: ] ci-info: +++++++++++++++++++Route IPv6 info+++++++++++++++++++Started Regular background program processing daemon.

[   16.829209] cloud-init[845]: ci-info: +-------+-------------+---------+-----------+-------+
[   16.832459] cloud-init[845]: ci-info: | Route | Destination | Gateway | Interface | Flags |
[   16.835987] cloud-init[845]: ci-info: +-------+-------------+---------+-----------+-------+
[   16.839116] cloud-init[845]: ci-info: |   1   |  fe80::/64  |    ::   |   enp0s8  |   U   |
         Starting OpenBSD Secure Shell server...
         Starting Login Service...
[[0;32m  OK  [0m] Started D-Bus System Message Bus.
[   16.849928] cloud-init[845]: ci-info: |   2   |  fe80::/64  |    ::   |   enp0s3  |   U   |
         Starting lircd(8) initialization helper tool...
[[0;32m  OK  [0m] Started Deferred execution scheduler.
[   16.971345] cloud-init[845]: ci-info: |   4   |    local    |    ::   |   enp0s3  |   U   |
[   16.973870] cloud-init[845]: ci-info: |   5   |    local    |    ::   |   enp0s8  |   U   |
[   16.976495] cloud-init[845]: ci-info: |   6   |   ff00::/8  |    ::   |   enp0s8  |   U   |
         Starting Snappy daemon...
         Starting Video Disk Recorder...
[[0;32m  OK  [0m] Started Handle events from IR remotes decoded by lircd(8).
         Starting Permit User Sessions...
[   17.020327] cloud-init[845]: ci-info: |   7   |   ff00::/8  |    ::   |   enp0s3  |   U   |
         Starting Accounts Service...
         Starting LSB: Record successful boot for GRUB...
         Starting vboxadd.service...
         Starting LXD - container startup/shutdown...
[[0;32m  OK  [0m] Started System Logging Service.
[[0;32m  OK  [0m] Started Availability of block devices.
[[0;32m  OK  [0m] Started lircd(8) initialization helper tool.
[[0;32m  OK  [0m] Started Login Service.
[[0;32m  OK  [0m] Started Unattended Upgrades Shutdown.
[[0;32m  OK  [0m] Started Flexible IR remote input/output application support.
[[0;32m  OK  [0m] Started Forward LIRC button presses as uinput events.
[[0;32m  OK  [0m] Started OpenBSD Secure Shell server.
[[0;32m  OK  [0m] Started Permit User Sessions.
         Starting Terminate Plymouth Boot Screen...
         Starting Hold until boot process finishes up...
[[0;32m  OK  [0m] Started Hold until boot process finishes up.
         Starting Set console scheme...
[[0;32m  OK  [0m] Started Serial Getty on ttyS0.
[[0;32m  OK  [0m] Started Terminate Plymouth Boot Screen.
[   17.325233] cloud-init[845]: ci-info: +-------+-------------+---------+-----------+-------+
[[0;32m  OK  [0m] Started Set console scheme.
[[0;32m  OK  [0m] Created slice system-getty.slice.
[[0;32m  OK  [0m] Started Getty on tty1.
[[0;32m  OK  [0m] Reached target Login Prompts.
[[0;32m  OK  [0m] Started LSB: automatic crash report generation.
         Starting Authorization Manager...
[[0;32m  OK  [0m] Started LSB: Record successful boot for GRUB.
[[0;32m  OK  [0m] Started Authorization Manager.
[[0;32m  OK  [0m] Started Accounts Service.
[[0;32m  OK  [0m] Started Dispatcher daemon for systemd-networkd.
[[0;32m  OK  [0m] Started Snappy daemon.
         Starting Wait until snapd is fully seeded...
[[0;1;31mFAILED[0m] Failed to start Video Disk Recorder.
See 'systemctl status vdr.service' for details.
[[0;32m  OK  [0m] Started LXD - container startup/shutdown.
[[0;32m  OK  [0m] Started Wait until snapd is fully seeded.
         Starting Apply the settings specified in cloud-config...
[[0;32m  OK  [0m] Started vboxadd.service.
         Starting vboxadd-service.service...
[[0;32m  OK  [0m] Started vboxadd-service.service.
[[0;32m  OK  [0m] Reached target Multi-User System.
[[0;32m  OK  [0m] Reached target Graphical Interface.
         Starting Update UTMP about System Runlevel Changes...
[[0;32m  OK  [0m] Started Update UTMP about System Runlevel Changes.
[   18.992018] cloud-init[1300]: Cloud-init v. 18.5-45-g3554ffe8-0ubuntu1~18.04.1 running 'modules:config' at Mon, 23 Sep 2019 04:18:49 +0000. Up 18.75 seconds.
[[0;32m  OK  [0m] Started Apply the settings specified in cloud-config.
         Starting Execute cloud user/final scripts...
[   19.550111] cloud-init[1410]: Cloud-init v. 18.5-45-g3554ffe8-0ubuntu1~18.04.1 running 'modules:final' at Mon, 23 Sep 2019 04:18:50 +0000. Up 19.43 seconds.
[[0;32m  OK  [0m] Started Execute cloud user/final scripts.
[[0;32m  OK  [[   19.615619] cloud-init[1410]: Cloud-init v. 18.5-45-g3554ffe8-0ubuntu1~18.04.1 finished at Mon, 23 Sep 2019 04:18:50 +0000. Datasource DataSourceNoCloud [seed=/dev/sdb][dsmode=net].  Up 19.54 seconds

Ubuntu 18.04.2 LTS ubuntu-bionic ttyS0

ubuntu-bionic login: 